<?xml version="1.0" encoding="UTF-8"?>
<testng-results skipped="0" failed="0" ignored="0" total="1" passed="1">
  <reporter-output>
  </reporter-output>
  <suite name="Suite" duration-ms="11612" started-at="2018-09-14T18:14:14Z" finished-at="2018-09-14T18:14:25Z">
    <groups>
    </groups>
    <test name="Test" duration-ms="11612" started-at="2018-09-14T18:14:14Z" finished-at="2018-09-14T18:14:25Z">
      <class name="com.gojekassessment.Test.TestApiComparator">
        <test-method status="PASS" signature="setUp()[pri:0, instance:com.gojekassessment.Test.TestApiComparator@6bf256fa]" name="setUp" is-config="true" duration-ms="18" started-at="2018-09-14T18:14:14Z" finished-at="2018-09-14T18:14:14Z">
          <reporter-output>
          </reporter-output>
        </test-method> <!-- setUp -->
        <test-method status="PASS" signature="verifyApiResponses()[pri:0, instance:com.gojekassessment.Test.TestApiComparator@6bf256fa]" name="verifyApiResponses" duration-ms="11572" started-at="2018-09-14T18:14:14Z" finished-at="2018-09-14T18:14:25Z">
          <reporter-output>
          </reporter-output>
        </test-method> <!-- verifyApiResponses -->
        <test-method status="PASS" signature="tearDown()[pri:0, instance:com.gojekassessment.Test.TestApiComparator@6bf256fa]" name="tearDown" is-config="true" duration-ms="1" started-at="2018-09-14T18:14:25Z" finished-at="2018-09-14T18:14:25Z">
          <reporter-output>
          </reporter-output>
        </test-method> <!-- tearDown -->
      </class> <!-- com.gojekassessment.Test.TestApiComparator -->
    </test> <!-- Test -->
  </suite> <!-- Suite -->
</testng-results>
